         w __deregister_frame_info
         w _ITM_deregisterTMCloneTable
         w _ITM_registerTMCloneTable
         w _Jv_RegisterClasses
         w __register_frame_info
00000000 a shift
00000000 a shift
00000000 b _TLS_MODULE_BASE_
00000000 00002000 b tmp_buffer.7872
00001ff8 b .LANCHOR2
00002000 00000401 b __fixedpath
00002404 00000802 b __utf16path
00002c08 00000802 b __utf16path_old.7943
00100000 T _start
00100000 a __start__
00100008 T __service_ptr
0010000c T __apt_appid
00100010 T __heap_size
00100014 T __linear_heap_size
00100018 T __system_arglist
0010001c T __system_runflags
00100020 t startup
00100058 t ClearMem
0010006c t ClrLoop
00100094 T _init
001000ac T initSystem
001000f0 T __ctru_exit
00100110 T __aeabi_idiv
00100110 00000220 T __divsi3
00100118 t .divsi3_skip_div0_test
00100330 00000020 T __aeabi_idivmod
00100350 00000004 W __aeabi_idiv0
00100350 00000004 W __aeabi_ldiv0
00100354 0000019c T __aeabi_frsub
0010035c 00000194 T __aeabi_fsub
0010035c 00000194 T __subsf3
00100360 00000190 T __addsf3
00100360 00000190 T __aeabi_fadd
001004f0 00000028 T __aeabi_ui2f
001004f0 00000028 T __floatunsisf
001004f8 00000020 T __aeabi_i2f
001004f8 00000020 T __floatsisf
00100518 0000008c T __aeabi_ul2f
00100518 0000008c T __floatundisf
00100528 0000007c T __aeabi_l2f
00100528 0000007c T __floatdisf
001005a4 T __aeabi_uldivmod
001005e8 00000390 T strcmp
00100970 T __aeabi_uidiv
00100970 000001ec T __udivsi3
00100970 t .udivsi3_skip_div0_test
00100b5c 00000020 T __aeabi_uidivmod
00100b7c t deregister_tm_clones
00100bac t register_tm_clones
00100be4 t __do_global_dtors_aux
00100c28 t frame_dummy
00100c84 00000170 T main
00100df4 00000070 t sf2d_texture_tile32_hardware.part.7
00100e64 00000118 T sf2d_create_texture
00100f7c 00000094 T sf2d_create_rendertarget
00101010 00000020 T sf2d_free_texture
00101030 00000014 T sf2d_clear_target
00101044 000000ac T sf2d_fill_texture_from_RGBA8
001010f0 00000044 T sf2d_create_texture_mem_RGBA8
00101134 00000054 T sf2d_bind_texture
00101188 00000160 T sf2d_draw_texture
001012e8 00000048 T sf2d_fini
00101330 000000a0 T sf2d_start_frame_target
001013d0 00000038 T sf2d_start_frame
00101408 00000004 T sf2d_end_frame
0010140c 000000b0 T sf2d_swapbuffers
001014bc 00000040 T sf2d_pool_memalign
001014fc 00000038 T sf2d_set_clear_color
00101534 000001ac t sf2d_init_advanced.part.0
001016e0 00000028 T sf2d_init
00101708 00000088 t C3Di_AptEventHook
00101790 00000174 T C3D_Init
00101904 00000098 T C3D_SetViewport
0010199c 00000584 T C3Di_UpdateContext
00101f20 000000e0 T C3Di_FinalizeFrame
00102000 00000048 T C3D_Fini
00102048 000000d4 T C3D_BindProgram
0010211c 0000003c t C3Di_RenderQueueWaitDone
00102158 000000c0 t updateFrameQueue.part.0
00102218 0000003c t performClear.part.1
00102254 0000004c t clearTarget
001022a0 000000e0 t onRenderFinish
00102380 00000078 t performTransfer.part.4
001023f8 00000050 t transferTarget
00102448 00000024 t onVBlank1
0010246c 0000008c t onVBlank0
001024f8 000000bc t onTransferFinish
001025b4 00000070 t onClearDone
00102624 0000006c T C3D_FrameBegin
00102690 00000078 T C3D_FrameDrawOn
00102708 000000cc T C3D_FrameEnd
001027d4 0000011c T C3D_RenderTargetCreate
001028f0 0000007c T C3D_RenderTargetDelete
0010296c 00000084 t C3Di_RenderQueueExit
001029f0 00000050 T C3D_RenderTargetSetClear
00102a40 00000058 T C3D_RenderTargetSetOutput
00102a98 00000090 T C3D_SafeDisplayTransfer
00102b28 000000b8 T C3D_TexInit
00102be0 000000b8 T C3D_TexInitVRAM
00102c98 00000028 T C3D_TexSetWrap
00102cc0 00000034 T C3D_TexBind
00102cf4 0000003c T C3D_TexDelete
00102d30 00000034 T TexEnv_Init
00102d64 00000034 T C3D_GetTexEnv
00102d98 00000024 T C3Di_TexEnvBind
00102dbc 00000020 T BufInfo_Init
00102ddc 00000084 T BufInfo_Add
00102e60 00000024 T C3D_GetBufInfo
00102e84 00000048 T C3Di_BufInfoBind
00102ecc 00000148 T C3D_DrawArrays
00103014 0000003c T C3D_DepthMap
00103050 0000001c T C3D_CullFace
0010306c 00000040 T C3D_StencilTest
001030ac 00000024 T C3D_StencilOp
001030d0 0000001c T C3D_BlendingColor
001030ec 0000002c T C3D_DepthTest
00103118 0000002c T C3D_AlphaTest
00103144 00000050 T C3D_AlphaBlend
00103194 00000030 T C3D_FragOpMode
001031c4 0000011c T C3Di_EffectBind
001032e0 00000028 T AttrInfo_Init
00103308 000000ac T AttrInfo_AddLoader
001033b4 00000024 T C3D_GetAttrInfo
001033d8 00000080 T C3Di_AttrInfoBind
00103458 000000b4 T C3D_ImmSendAttrib
0010350c 000000a4 T C3D_RenderBufInit
001035b0 00000080 T C3D_RenderBufClearAsync
00103630 00000028 T C3D_RenderBufTransferAsync
00103658 00000038 T C3D_RenderBufBind
00103690 00000170 T C3Di_RenderBufBind
00103800 00000018 T C3D_RenderBufDelete
00103818 000002b4 T C3D_UpdateUniforms
00103acc 000000c0 T C3Di_DirtyUniforms
00103b8c 000000e8 T C3Di_LoadShaderUniforms
00103c74 00000028 T C3Di_ClearShaderUniforms
00103c9c 000000c8 T Mtx_OrthoTilt
00103d64 00000024 t addrMapNodeComparator(rbtree_node const*, rbtree_node const*)
00103d88 00000004 t addrMapNodeDestructor(rbtree_node*)
00103d8c 0000013c T linearMemAlign
00103ec8 00000008 T linearAlloc
00103ed0 00000050 T linearFree
00103f20 00000024 t addrMapNodeComparator(rbtree_node const*, rbtree_node const*)
00103f44 00000004 t addrMapNodeDestructor(rbtree_node*)
00103f48 0000012c T vramMemAlign
00104074 00000008 T vramAlloc
0010407c 00000050 T vramFree
001040cc 0000008c t gfxSetFramebufferInfo.part.0
00104158 00000010 T gfxSet3D
00104168 00000010 T gfxIs3D
00104178 00000018 T __get_bytes_per_pixel
00104190 00000174 T gfxSetScreenFormat
00104304 00000014 T gfxSetDoubleBuffering
00104318 00000070 T gfxSetFramebufferInfo
00104388 00000088 T gfxWriteFramebufferInfo
00104410 000001fc T gfxInit
0010460c 00000010 T gfxInitDefault
0010461c 000000e0 T gfxExit
001046fc 000000b0 T gfxGetFramebuffer
001047ac 000000c8 T gfxFlushBuffers
00104874 00000070 T gfxConfigScreen
001048e4 00000020 T gfxSwapBuffersGpu
00104904 0000001c T debug_write
00104920 000001b0 T consoleDrawChar
00104ad0 00000124 T consolePrintChar
00104bf4 00000190 t consoleCls
00104d84 000000f8 T consoleInit
00104e7c 00000144 t consoleClearLine
00104fc0 000000bc t newRow
0010507c 0000079c T con_write
00105818 00000058 t getSysTime
00105870 0000004c T osConvertVirtToPhys
001058bc 00000024 T osGetMemRegionUsed
001058e0 000000f4 T __libctru_gtod
001059d8 00000078 T osGetTime
00105a50 00000034 T __ctru_speedup_config
00105a84 0000002c T GPUCMD_SetBuffer
00105ab0 00000040 T GPUCMD_GetBuffer
00105af0 00000108 T GPUCMD_Add
00105bf8 00000098 T GPUCMD_Finalize
00105c90 00000044 T f32tof24
00105cd4 00000040 T f32tof31
00105d14 00000054 T GX_ProcessCommandList
00105d68 00000060 T GX_MemoryFill
00105dc8 00000050 T GX_DisplayTransfer
00105e18 00000054 T GX_FlushCacheRegions
00105e6c 00000038 T DVLB_Free
00105ea4 00000078 T DVLE_GetUniformRegister
00105f1c 000001ec T DVLE_GenerateOutmap
00106108 000001c0 T DVLB_ParseFile
001062c8 000001f4 T shaderInstanceInit
001064bc 00000034 T shaderInstanceFree
001064f0 00000018 T shaderInstanceGetUniformLocation
00106508 00000018 T shaderProgramInit
00106520 0000002c T shaderProgramFree
0010654c 0000006c T shaderProgramSetVsh
001065b8 00000894 T shaderProgramConfigure
00106e4c 00000070 T ptmSysmInit
00106ebc 00000034 T ptmSysmExit
00106ef0 00000034 T PTMSYSM_ConfigureNew3DSCPU
00106f24 000000d0 T hidExit
00106ff4 00000234 T hidScanInput
00107228 00000010 T hidKeysHeld
00107238 00000010 T hidKeysDown
00107248 00000010 T hidKeysUp
00107258 00000090 T HIDUSER_GetHandles
001072e8 0000018c T hidInit
00107474 00000004 W _aptDebug
00107478 00000130 T aptSendCommand
001075a8 0000003c t aptExitProcess
001075e4 00000038 T aptHook
0010761c 0000002c T aptUnhook
00107648 0000004c T APT_InquireNotification
00107694 0000019c t aptEventHandler
00107830 00000074 T APT_AppletUtility
001078a4 000000b4 T aptSetSleepAllowed
00107958 000000b4 T APT_GlanceParameter
00107a0c 000000c0 T APT_ReceiveParameter
00107acc 000000a8 t aptReceiveParameter.constprop.1
00107b78 000001ec t aptScreenTransfer
00107d64 00000228 t aptWaitForWakeUp
00107f8c 00000070 T APT_CancelParameter
00107ffc 00000230 T aptInit
0010822c 0000008c t aptClearParamQueue
001082b8 00000214 T aptMainLoop
001084cc 00000148 T aptExit
00108614 00000070 T APT_CheckNew3DS
00108684 00000160 t gspEventThreadMain
001087e4 00000074 T gspInit
00108858 0000003c T gspExit
00108894 0000002c T gspSetEventCallback
001088c0 00000088 T gspInitEventHandler
00108948 00000030 T gspExitEventHandler
00108978 00000044 T gspWaitForEvent
001089bc 0000006c T gspWaitForAnyEvent
00108a28 00000124 T gspSubmitGxCommand
00108b4c 0000006c T GSPGPU_SetBufferSwap
00108bb8 0000004c T GSPGPU_FlushDataCache
00108c04 00000034 T GSPGPU_SetLcdForceBlack
00108c38 00000064 T GSPGPU_RegisterInterruptRelayQueue
00108c9c 0000002c T GSPGPU_UnregisterInterruptRelayQueue
00108cc8 00000048 T GSPGPU_AcquireRight
00108d10 0000002c T GSPGPU_ReleaseRight
00108d3c 00000080 T GSPGPU_ImportDisplayCaptureInfo
00108dbc 0000002c T GSPGPU_SaveVramSysArea
00108de8 0000002c T GSPGPU_RestoreVramSysArea
00108e14 000000b0 T irrstScanInput
00108ec4 0000001c T irrstKeysHeld
00108ee0 00000050 T IRRST_GetHandles
00108f30 00000150 T irrstInit
00109080 0000002c T IRRST_Shutdown
001090ac 000000ac T irrstExit
00109158 00000070 T rbtree_find
001091c8 00000324 T rbtree_remove
001094ec 00000074 T rbtree_node_next
00109560 00000094 T rbtree_rotate
001095f4 0000018c t do_insert
00109780 00000008 T rbtree_insert
00109788 00000014 T rbtree_init
0010979c 000000e8 T __system_initArgv
00109884 00000058 t osGetMemRegionSize
001098dc 00000104 W __system_allocateHeaps
001099e0 00000038 W __libctru_init
00109a18 T svcControlMemory
00109a38 T svcExitProcess
00109a40 T svcCreateThread
00109a60 T svcExitThread
00109a68 T svcSleepThread
00109a70 T svcReleaseMutex
00109a78 T svcCreateEvent
00109a8c T svcSignalEvent
00109a94 T svcClearEvent
00109a9c T svcMapMemoryBlock
00109aa4 T svcUnmapMemoryBlock
00109aac T svcCreateAddressArbiter
00109ac0 T svcArbitrateAddress
00109ad8 T svcCloseHandle
00109ae0 T svcWaitSynchronization
00109ae8 T svcWaitSynchronizationN
00109b10 T svcDuplicateHandle
00109b24 T svcGetSystemTick
00109b2c T svcGetSystemInfo
00109b44 T svcConnectToPort
00109b58 T svcSendSyncRequest
00109b60 T svcBreak
00109b68 T svcOutputDebugString
00109b70 00000098 T MemPool::CoalesceRight(MemBlock*)
00109c08 00000178 T MemPool::Allocate(MemChunk&, unsigned long, int)
00109d80 00000100 T MemPool::Deallocate(MemChunk const&)
00109e80 00000024 t addrMapNodeComparator(rbtree_node const*, rbtree_node const*)
00109ea4 00000004 t addrMapNodeDestructor(rbtree_node*)
00109ea8 000000f4 T mappableAlloc
00109f9c 00000050 T mappableFree
00109fec 000001bc T threadCreate
0010a1a8 00000024 T threadJoin
0010a1cc 00000070 T threadExit
0010a23c 00000040 t _thread_begin
0010a27c 00000050 T srvExit
0010a2cc 00000038 T srvRegisterClient
0010a304 00000078 T srvInit
0010a37c 00000068 T srvGetServiceHandleDirect
0010a3e4 00000038 T srvGetServiceHandle
0010a41c 00000084 T envGetHandle
0010a4a0 0000004c T envDestroyHandles
0010a4ec 00000034 t LightLock_Unlock.part.1
0010a520 0000000c T __sync_init
0010a52c 00000018 T __sync_fini
0010a544 00000010 T __sync_get_arbiter
0010a554 00000018 T LightLock_Init
0010a56c 000000a0 T LightLock_Lock
0010a60c 00000034 T LightLock_TryLock
0010a640 00000020 T LightLock_Unlock
0010a660 00000024 T RecursiveLock_Init
0010a684 00000030 T RecursiveLock_Lock
0010a6b4 00000058 T RecursiveLock_TryLock
0010a70c 00000038 T RecursiveLock_Unlock
0010a744 00000038 T LightEvent_Init
0010a77c 0000007c T LightEvent_Clear
0010a7f8 000000dc T LightEvent_Signal
0010a8d4 000000d0 T LightEvent_Wait
0010a9a4 000000a4 W __libctru_exit
0010aa48 0000001c W __appExit
0010aa64 00000030 t __ctru_get_reent
0010aa94 000000e4 T __system_initSyscalls
0010ab78 0000001c W __appInit
0010ab94 00000010 t sdmc_link
0010aba4 00000010 t sdmc_dirreset
0010abb4 00000010 t sdmc_fchmod
0010abc4 00000024 t error_cmp
0010abe8 00000050 t sdmc_translate_error
0010ac38 00000034 t sdmc_fsync
0010ac6c 00000054 t sdmc_ftruncate
0010acc0 000000b8 t sdmc_statvfs
0010ad78 00000038 t sdmc_dirclose
0010adb0 00000138 t sdmc_dirnext
0010aee8 00000034 t sdmc_close
0010af1c 00000074 t sdmc_fstat
0010af90 000000d8 t sdmc_seek
0010b068 00000084 t sdmc_read
0010b0ec 000000b8 t sdmc_write
0010b1a4 000001b4 t sdmc_utf16path
0010b358 00000074 t sdmc_rmdir
0010b3cc 000000a4 t sdmc_diropen
0010b470 000000a0 t sdmc_chdir
0010b510 00000098 t sdmc_mkdir
0010b5a8 00000108 t sdmc_rename
0010b6b0 00000074 t sdmc_unlink
0010b724 00000108 t sdmc_stat
0010b82c 00000188 t sdmc_open
0010b9b4 00000010 t sdmc_chmod
0010b9c4 0000015c T sdmcInit
0010bb20 00000058 T sdmcExit
0010bb78 00000028 t fsSessionForArchive.part.0
0010bba0 000000c8 T fsInit
0010bc68 00000038 T fsExit
0010bca0 000000a0 T fsExemptFromSession
0010bd40 00000054 T fsUnexemptFromSession
0010bd94 000000bc T FSUSER_OpenFile
0010be50 000000a4 T FSUSER_DeleteFile
0010bef4 000000e0 T FSUSER_RenameFile
0010bfd4 000000a4 T FSUSER_DeleteDirectory
0010c078 000000bc T FSUSER_CreateFile
0010c134 000000ac T FSUSER_CreateDirectory
0010c1e0 000000e0 T FSUSER_RenameDirectory
0010c2c0 000000a4 T FSUSER_OpenDirectory
0010c364 00000098 T FSUSER_OpenArchive
0010c3fc 00000074 T FSUSER_CloseArchive
0010c470 00000078 T FSUSER_GetSdmcArchiveResource
0010c4e8 00000064 T FSUSER_IsSdmcWritable
0010c54c 0000005c T FSFILE_Read
0010c5a8 00000064 T FSFILE_Write
0010c60c 0000003c T FSFILE_GetSize
0010c648 0000002c T FSFILE_SetSize
0010c674 0000003c T FSFILE_Close
0010c6b0 00000024 T FSFILE_Flush
0010c6d4 00000054 T FSDIR_Read
0010c728 0000003c T FSDIR_Close
0010c764 000000c0 T utf8_to_utf16
0010c824 00000138 T decode_utf8
0010c95c 000000e8 T utf16_to_utf8
0010ca44 00000104 T encode_utf8
0010cb48 00000068 T encode_utf16
0010cbb0 T __aeabi_read_tp
0010cbbc 00000060 T decode_utf16
0010cc1c 00000128 T __udivmoddi4
0010cd44 00000074 T bsearch
0010cdb8 00000020 T calloc
0010cdd8 00000090 T _calloc_r
0010ce68 00000040 T __libc_fini_array
0010cea8 00000078 T __libc_init_array
0010cf20 00000020 T memalign
0010cf40 00000158 T _memalign_r
0010d098 00000018 T malloc
0010d0b0 00000018 T free
0010d0c8 0000078c T _malloc_r
0010d854 00000104 T memchr
0010d958 00000114 T memcpy
0010da6c 00000110 T memset
0010db7c 0000000c T __malloc_lock
0010db88 0000000c T __malloc_unlock
0010db94 00000038 T printf
0010dbcc 00000258 T setvbuf
0010de24 00000074 T sscanf
0010de98 0000003c T __sread
0010ded4 00000008 T __seofread
0010dedc 00000064 T __swrite
0010df40 0000004c T __sseek
0010df8c 00000008 T __sclose
0010df94 0000005c T strlen
0010dff0 0000009c T strncat
0010e08c 000000d8 T strncpy
0010e164 0000290c T __ssvfscanf_r
00110a70 0000001c t __sprint_r.part.0
00110a8c 0000001c T __sprint_r
00110aa8 00001624 t get_arg
001120d0 00004314 T _vfprintf_r
001163e4 000000cc t __sbprintf
001164b0 000000a0 T _wcrtomb_r
00116550 00000020 T _wcsrtombs_r
00116570 00000144 T __swsetup_r
001166b4 000001d0 t quorem
00116888 00001260 T _dtoa_r
00117ae8 00000254 T __sflush_r
00117d3c 00000094 T _fflush_r
00117dd0 0000000c T _cleanup_r
00117ddc 00000080 t std.isra.0
00117e5c 0000008c T __sinit
00117ee8 0000000c T __sfp_lock_acquire
00117ef4 0000000c T __sfp_lock_release
00117f00 000000f8 T _malloc_trim_r
00117ff8 000002e4 T _free_r
001182dc 000004ac T __sfvwrite_r
00118788 00000080 T _fwalk_reent
00118808 00000074 T iswspace
0011887c 00000204 t __jp2uc
00118a80 000000c8 T _jp2uc
00118b48 00000008 T __localeconv_l
00118b50 00000024 T _localeconv_r
00118b74 00000024 T __locale_mb_cur_max
00118b98 00000008 T __locale_ctype_ptr_l
00118ba0 00000024 T __locale_ctype_ptr
00118bc4 00000094 T __swhatbuf_r
00118c58 000000f4 T __smakebuf_r
00118d4c 000000b4 T _mbrtowc_r
00118e00 00000300 T __utf8_mbtowc
00119100 00000148 T memmove
00119248 00000088 T _Balloc
001192d0 0000001c T _Bfree
001192ec 000000d8 T __multadd
001193c4 000000f0 T __s2b
001194b4 00000058 T __hi0bits
0011950c 0000009c T __lo0bits
001195a8 00000020 T __i2b
001195c8 000001cc T __multiply
00119794 00000100 T __pow5mult
00119894 000000e4 T __lshift
00119978 00000060 T __mcmp
001199d8 00000198 T __mdiff
00119b70 00000078 T __ulp
00119be8 000000d4 T __b2d
00119cbc 00000108 T __d2b
00119dc4 0000007c T __ratio
00119e40 0000006c T __copybits
00119eac 00000080 T __any_on
00119f2c 000004cc T _realloc_r
0011a3f8 000000cc T __sccl
0011a4c4 0000000c T nanf
0011a4d0 0000009c T frexp
0011a56c 00000068 T sprintf
0011a5d4 00000100 T stpncpy
0011a6d4 000001ac T strchr
0011a880 00000108 T strncmp
0011a988 00000054 t sulp
0011a9e0 00001434 T _strtod_l
0011be14 0000003c T _strtod_r
0011be50 000002dc t _strtoll_l.isra.0
0011c12c 00000050 T _strtoll_r
0011c17c 00000220 t _strtol_l.isra.0
0011c39c 00000050 T _strtol_r
0011c3f0 00000268 t _strtoull_l.isra.0
0011c658 00000050 T _strtoull_r
0011c6a8 000001e4 t _strtoul_l.isra.0
0011c88c 00000050 T _strtoul_r
0011c8dc 00000188 T __ssprint_r
0011ca64 000000e8 T _sungetc_r
0011cb4c 0000006c T __ssrefill_r
0011cbb8 000000d0 T _sfread_r
0011cc88 00001624 t get_arg
0011e2b0 000041c4 T _svfprintf_r
00122474 000000a8 T __submore
0012251c 00000174 T _wcsnrtombs_l
00122690 00000064 T _wcsnrtombs_r
001226f4 000000e8 T __utf8_wctomb
001227dc 00000154 T _fclose_r
00122930 000000f0 t rshift
00122a20 000007f4 T __gethex
00123214 00000064 T __match
00123278 00000264 T __hexnan
001234dc 00000008 t null_write
001234e4 00000018 T setDefaultDevice
001234fc 000000cc T FindDevice
001235c8 00000028 T RemoveDevice
001235f0 00000098 T AddDevice
00123688 00000084 T _close_r
0012370c 0000007c T _fstat_r
00123788 00000008 T _isatty_r
00123790 00000090 T _lseek_r
00123820 00000088 T _read_r
001238a8 00000070 T _sbrk_r
00123918 00000088 T _write_r
001239a0 000001d4 T _concatenate_path
00123b74 0000015c T chdir
00123cd0 00000008 T __flockfile
00123cd8 00000008 T __funlockfile
00123ce0 00000018 T __libc_lock_acquire
00123cf8 00000018 T __libc_lock_release
00123d10 00000018 T __libc_lock_init_recursive
00123d28 00000018 T __libc_lock_acquire_recursive
00123d40 00000018 T __libc_lock_release_recursive
00123d58 00000018 T __libc_lock_close_recursive
00123d70 0000004c T __free_handle
00123dbc 00000040 T __release_handle
00123dfc 00000018 T __get_handle
00123e14 00000028 T __getreent
00123e3c 0000005c T strnlen
00123e98 00000044 T strrchr
00123edc T _fini
00124000 0005dc10 R bg
00181c10 00004010 R mouse
00185c20 00000010 r CSWTCH.23
00185c30 R shader_shbin
00185d7c R shader_shbin_end
00185d7c R shader_shbin_size
00185d80 00000003 r parm.13332
00185d84 00000038 r CSWTCH.2
00185dbc 00000004 r CSWTCH.7
00185dc0 00000005 r colorFmtSizes
00185dc8 00000004 r depthFmtSizes
00185dcc 00000014 r CSWTCH.26
00185de0 00000008 r framebufferInfoSt
00185de8 00000068 r dotab_3dmoo
00185e50 00000068 r dotab_stdout
00185eb8 00000068 r dotab_null
00185f20 00000030 r colorTable
00185f50 0000000c r serviceNameTable.7434
00185f5c R default_font_bin
0018675c R default_font_bin_end
0018675c R default_font_bin_size
00186760 00000030 r error_table
001868d0 00000022 r basefix.8441
00186934 r .LC2
00186938 00000010 r blanks.8415
00186948 00000010 r zeroes.8416
0018697c 000000bc r a1
00186a38 000000bc r a2
00186af4 0000005b r a3
00186b50 00000070 r a6
00186bc0 000000a2 r a7
00186c64 00000040 r a8
00186ca4 0000172a r b02cf
001883d0 00001a7c r d02f4
00189e90 00000028 R __mprec_bigtens
00189eb8 000000c8 R __mprec_tens
00189f80 0000000c r p05.7191
00189f9c 00000014 r fpi.7277
00189fb0 00000014 r fpinan.7313
00189fc8 00000028 r tinytens
00189ff0 0000006c R __action_table
0018a05c 00000100 R __chclass
0018a15c 0000006c R __state_table
0018a1c8 00000010 r blanks.8400
0018a1d8 00000010 r zeroes.8401
0018a1e8 00000101 R _ctype_
0018a2ec 00000100 R __hexdig
0018a3f4 00000068 R dotab_stdnull
0018a45c 00000003 R DIRECTORY_PARENT
0018a460 r __EH_FRAME_BEGIN__
0018a460 R __exidx_end
0018a460 R __exidx_start
0018b000 00000004 d useTransform_desc
0018b004 00000004 d transform_desc
0018b008 00000004 d vblank_wait
0018b00c 00000004 d projection_desc
0018b010 00000001 d topFormat
0018b011 00000001 d botFormat
0018b014 00000008 d doubleBuf
0018b01c 0000004c D defaultConsole
0018b068 00000004 D currentConsole
0018b06c 00000001 d firstConsoleInit.7754
0018b070 00000004 d aptFlags
0018b074 00000004 d gspLastEvent
0018b078 00000004 V __ctru_linear_heap_size
0018b07c W __stacksize__
0018b080 00000401 d __cwd
0018b484 00000068 d sdmc_devoptab
0018b4ec 00000004 D _impure_ptr
0018b4f0 00000460 d impure_data
0018b950 00000408 D __malloc_av_
0018bd58 00000004 D __malloc_sbrk_base
0018bd5c 00000004 D __malloc_trim_threshold
0018bd60 0000000c d __malloc_lock_object
0018bd6c 0000000c d __sfp_lock
0018bd78 0000000c d __sinit_lock
0018bd84 0000016c D __global_locale
0018bef0 00000004 d defaultDevice
0018bef4 00000040 D devoptab_list
0018bf34 00001000 d _current_working_directory
0018cf34 00000004 d __hndl_lock
0018cf38 0000000c d __stderr_handle
0018cf44 0000000c d __stdin_handle
0018cf50 0000000c d __stdout_handle
0018cf5c 00001000 d handles
0018df5c t __frame_dummy_init_array_entry
0018df5c T __init_array_start
0018df5c d __JCR_LIST__
0018df5c B __preinit_array_end
0018df5c B __preinit_array_start
0018df5c D __tdata_lma
0018df5c D __tdata_lma_end
0018df5c D __TMC_END__
0018df5c d __TMC_LIST__
0018df60 t __do_global_dtors_aux_fini_array_entry
0018df60 T __fini_array_start
0018df60 T __init_array_end
0018df64 T __bss_start__
0018df64 T __fini_array_end
0018df68 00000004 b sf2d_initialized
0018df6c 00000004 b pool_addr
0018df70 00000014 b shader
0018df84 00000004 b dvlb
0018df88 00000004 b in_render
0018df8c 00000004 b pool_index
0018df90 00000001 b cur_screen
0018df91 00000001 b cur_side
0018df94 00000004 b targetTopLeft
0018df98 00000004 b targetTopRight
0018df9c 00000004 b targetBottom
0018dfa0 00000004 b frames
0018dfa8 00000008 b last_time
0018dfb0 00000004 b current_fps
0018dfb4 00000004 b pool_size
0018dfb8 0000000c b hookCookie
0018dfc4 00000001 b queuedCount
0018dfc8 00000004 b transferQueue
0018dfcc 00000004 b clearQueue
0018dfd0 00000001 b queueSwap
0018dfd4 00000020 b queuedFrame
0018dff4 00000001 b queuedState
0018dff5 00000001 b inSafeClear
0018dff6 00000001 b inSafeTransfer
0018dff8 0000000c b linkedTarget
0018e004 0000004c b temp.13647
0018e050 00000001 b inFrame
0018e054 00000004 b lastTarget
0018e058 00000004 b firstTarget
0018e05c 00000018 b C3Di_ShaderFVecData
0018e074 000000c0 b C3Di_FVUnifEverDirty
0018e134 00000008 b C3Di_IVUnifEverDirty
0018e13c 00000008 b sLinearPool
0018e144 0000000c b sAddrMap
0018e150 00000008 b sVramPool
0018e158 0000000c b sAddrMap
0018e164 00000001 b enable3d
0018e168 00000004 b screenAlloc
0018e16c 00000004 b screenFree
0018e170 00000002 b currentBuffer
0018e172 00000001 V __ctru_speedup
0018e174 00000004 b ptmSysmRefCount
0018e178 00000004 b ptmSysmHandle
0018e17c 00000004 b hidRefCount
0018e180 00000004 b kOld
0018e184 00000004 b kHeld
0018e188 00000004 b cPos
0018e18c 00000004 b tPos
0018e190 00000006 b aVec
0018e198 00000006 b gRate
0018e1a0 00000004 b kDown
0018e1a4 00000004 b kUp
0018e1a8 00000004 b aptLockHandle
0018e1ac 00000004 b serviceName.7433
0018e1b0 0000000c b aptFirstHook
0018e1bc 00000004 b aptMessageFunc
0018e1c0 00000004 b aptMessageFuncData
0018e1c4 0000000c b aptEvents
0018e1d0 00000001 b aptHomeButtonState
0018e1d4 00000008 b aptSleepEvent
0018e1dc 00001000 b aptParameters
0018f1dc 00000004 b aptRefCount
0018f1e0 00000004 b aptEventHandlerThread
0018f1e4 00000001 b flagInit.7784
0018f1e5 00000001 b flagValue.7785
0018f1e8 00000001 b gspRunEvents
0018f1ec 00000004 b gspEvent
0018f1f0 00000004 b gspEventData
0018f1f4 0000001c b gspEventCb
0018f210 00000007 b gspEventCbOneShot
0018f218 0000001c b gspEventCbData
0018f234 00000038 b gspEvents
0018f26c 0000001c b gspEventCounts
0018f288 00000004 b gspRefCount
0018f28c 00000004 b gspEventThread
0018f290 00000004 b irrstRefCount
0018f294 00000004 b kHeld
0018f298 00000004 b csPos
0018f29c 00000004 V __ctru_heap_size
0018f2a0 b saved_stack
0018f2a8 00000008 b sMappablePool
0018f2b0 0000000c b sAddrMap
0018f2bc 00000004 b srvRefCount
0018f2c0 00000004 b srvHandle
0018f2c4 00000004 b arbiter
0018f2c8 00000008 b sdmcArchive
0018f2d0 00000001 b sdmcInitialised
0018f2d8 00000004 b fsuHandle
0018f2dc 00000004 b fsuRefCount
0018f2e0 00000080 b fsExemptArchives
0018f360 b completed.7620
0018f364 b object.7625
0018f37c 00000028 B __malloc_current_mallinfo
0018f3a4 00000004 B __malloc_max_sbrked_mem
0018f3a8 00000004 B __malloc_max_total_mem
0018f3ac 00000004 B __malloc_top_pad
0018f3b0 00000004 b heap_start.6927
0018f3b4 00000004 B fake_heap_end
0018f3b8 00000004 B fake_heap_start
0018f3bc 00001000 b temp_cwd
001903bc 00000038 B __syscalls
001903f8 00000278 B __C3D_Context
00190670 00000020 B C3D_IVUnif
00190690 000000c0 B C3D_FVUnifDirty
00190750 00000002 B C3D_BoolUnifsDirty
00190754 00000008 B C3D_IVUnifDirty
0019075c 00000004 B C3D_BoolUnifs
00190760 00000c00 B C3D_FVUnif
00191360 00000008 B gfxBottomFramebuffers
00191368 00000004 B gspSharedMemHandle
0019136c 0000001c B bottomFramebufferInfo
00191388 00000004 B gspEvent
0019138c 00000008 B gfxTopLeftFramebuffers
00191394 00000008 B gfxTopRightFramebuffers
0019139c 0000001c B topFramebufferInfo
001913b8 00000001 B gfxThreadID
001913bc 00000004 B gfxSharedMemory
001913c0 00000004 B gfxTopFramebufferMaxSize
001913c4 00000004 B gfxBottomFramebufferMaxSize
001913c8 0000004c B currentCopy
00191414 00000004 B gpuCmdBuf
00191418 00000004 B gpuCmdBufOffset
0019141c 00000004 B gpuCmdBufSize
00191420 00000004 B gxCmdBuf
00191424 00000004 B hidMemHandle
00191428 00000004 B hidHandle
0019142c 00000004 B hidSharedMem
00191430 00000014 B hidEvents
00191444 00000004 B gspGpuHandle
00191448 00000004 B irrstHandle
0019144c 00000004 B irrstEvent
00191450 00000004 B irrstMemHandle
00191454 00000004 B irrstSharedMem
00191458 00000004 B __system_argv
0019145c 00000004 B __system_argc
00191460 00000004 B __ctru_linear_heap
00191464 00000004 B __ctru_heap
00191468 00000004 B __system_retAddr
0019146c B __tls_start
00194878 B __bss_end__
00194878 A __end__
00194878 B __tls_end
